2025-05-23 06:28:44,468 - INFO - SmartWordSeparator initialized with method: wordninja
2025-05-23 06:28:44,827 - INFO - JobDataProcessor initialized with config: {'input_file': 'merged.csv', 'output_file': 'segmented_data.csv', 'quality_report_file': 'data_quality_report.json', 'separate_concatenated_words': True, 'sample_fraction': 1, 'random_seed': 42, 'min_sentence_length': 10, 'max_tokens_per_sentence': 100, 'parallelize': True, 'batch_size': 1000, 'save_intermediate': True, 'keep_original_columns': False, 'similarity_threshold': 0.85, 'use_wordninja': True}
2025-05-23 06:28:44,828 - INFO - Loading data from /home/whilebell/Code/Project/TechStack-NER/data/raw/merged.csv
2025-05-23 06:28:45,541 - INFO - Loaded data with shape: (40305, 3)
2025-05-23 06:28:45,565 - INFO - Removed 24977 duplicate qualifications
2025-05-23 06:28:45,566 - INFO - Filtering non-Thai content...
2025-05-23 06:28:46,036 - INFO - Removed 3364 rows with Thai content
2025-05-23 06:28:46,037 - INFO - Cleaning qualification text...
2025-05-23 06:28:52,457 - INFO - Saved cleaned data to /home/whilebell/Code/Project/TechStack-NER/data/interim/cleaned_data.csv
2025-05-23 06:28:52,458 - INFO - Segmenting qualification text into sentences...
2025-05-23 06:35:02,804 - INFO - Exploding sentences to individual rows...
2025-05-23 06:35:03,019 - INFO - Removed 1457 invalid or too short sentences
2025-05-23 06:35:03,020 - INFO - Combining Topic with Segmented_Qualification...
2025-05-23 06:35:03,865 - INFO - Removed 10614 duplicate segmented qualifications
2025-05-23 06:35:03,866 - INFO - Removing similar sentences...
2025-05-23 06:35:03,867 - INFO - Finding and removing similar sentences in parallel with 15 processes...
2025-05-23 06:35:04,221 - INFO - Finding and removing similar sentences with threshold 0.85...
2025-05-23 06:35:04,264 - INFO - Finding and removing similar sentences with threshold 0.85...
2025-05-23 06:35:04,306 - INFO - Finding and removing similar sentences with threshold 0.85...
2025-05-23 06:35:04,368 - INFO - Finding and removing similar sentences with threshold 0.85...
2025-05-23 06:35:04,453 - INFO - Finding and removing similar sentences with threshold 0.85...
2025-05-23 06:35:04,647 - INFO - Finding and removing similar sentences with threshold 0.85...
2025-05-23 06:35:04,805 - INFO - Finding and removing similar sentences with threshold 0.85...
2025-05-23 06:35:05,024 - INFO - Finding and removing similar sentences with threshold 0.85...
2025-05-23 06:35:05,208 - INFO - Finding and removing similar sentences with threshold 0.85...
2025-05-23 06:35:05,345 - INFO - Finding and removing similar sentences with threshold 0.85...
2025-05-23 06:35:05,476 - INFO - Finding and removing similar sentences with threshold 0.85...
2025-05-23 06:35:06,197 - INFO - Finding and removing similar sentences with threshold 0.85...
2025-05-23 06:35:06,289 - INFO - Finding and removing similar sentences with threshold 0.85...
2025-05-23 06:35:06,303 - INFO - Finding and removing similar sentences with threshold 0.85...
2025-05-23 06:35:06,326 - INFO - Finding and removing similar sentences with threshold 0.85...
2025-05-23 06:35:08,799 - INFO - Removed 350 similar sentences (2.47%)
2025-05-23 06:35:08,804 - INFO - Found 13813 clusters of similar sentences
2025-05-23 06:35:08,912 - INFO - Finding and removing similar sentences with threshold 0.85...
2025-05-23 06:35:08,946 - INFO - Removed 0 similar sentences (0.00%)
2025-05-23 06:35:08,951 - INFO - Found 14 clusters of similar sentences
2025-05-23 06:35:09,019 - INFO - Removed 1142 similar sentences (8.06%)
2025-05-23 06:35:09,021 - INFO - Found 13021 clusters of similar sentences
2025-05-23 06:35:09,280 - INFO - Removed 1693 similar sentences (11.95%)
2025-05-23 06:35:09,290 - INFO - Found 12470 clusters of similar sentences
2025-05-23 06:35:09,593 - INFO - Removed 2619 similar sentences (18.49%)
2025-05-23 06:35:09,596 - INFO - Found 11544 clusters of similar sentences
2025-05-23 06:35:09,693 - INFO - Removed 1088 similar sentences (7.68%)
2025-05-23 06:35:09,696 - INFO - Found 13075 clusters of similar sentences
2025-05-23 06:35:10,210 - INFO - Removed 1507 similar sentences (10.64%)
2025-05-23 06:35:10,213 - INFO - Found 12655 clusters of similar sentences
2025-05-23 06:35:10,268 - INFO - Removed 3490 similar sentences (24.64%)
2025-05-23 06:35:10,269 - INFO - Found 10673 clusters of similar sentences
2025-05-23 06:35:10,396 - INFO - Removed 3165 similar sentences (22.35%)
2025-05-23 06:35:10,399 - INFO - Found 10998 clusters of similar sentences
2025-05-23 06:35:10,431 - INFO - Removed 1746 similar sentences (12.33%)
2025-05-23 06:35:10,433 - INFO - Found 12417 clusters of similar sentences
2025-05-23 06:35:10,628 - INFO - Removed 2292 similar sentences (16.18%)
2025-05-23 06:35:10,630 - INFO - Found 11871 clusters of similar sentences
2025-05-23 06:35:10,665 - INFO - Removed 319 similar sentences (2.25%)
2025-05-23 06:35:10,667 - INFO - Found 13844 clusters of similar sentences
2025-05-23 06:35:10,673 - INFO - Removed 1961 similar sentences (13.85%)
2025-05-23 06:35:10,675 - INFO - Found 12202 clusters of similar sentences
2025-05-23 06:35:10,724 - INFO - Removed 1816 similar sentences (12.82%)
2025-05-23 06:35:10,725 - INFO - Removed 1710 similar sentences (12.07%)
2025-05-23 06:35:10,725 - INFO - Found 12347 clusters of similar sentences
2025-05-23 06:35:10,727 - INFO - Found 12453 clusters of similar sentences
2025-05-23 06:35:10,802 - INFO - Removed 351 similar sentences (2.48%)
2025-05-23 06:35:10,803 - INFO - Found 13812 clusters of similar sentences
2025-05-23 06:35:11,015 - INFO - Performing final pass to catch cross-boundary similarities...
2025-05-23 06:35:11,016 - INFO - Finding and removing similar sentences with threshold 0.85...
2025-05-23 06:35:33,568 - INFO - Removed 3183 similar sentences (1.70%)
2025-05-23 06:35:33,569 - INFO - Found 184026 clusters of similar sentences
2025-05-23 06:35:33,581 - INFO - Removed 28432 similar sentences (13.38%)
2025-05-23 06:35:33,621 - INFO - Running data quality checks...
2025-05-23 06:35:33,622 - INFO - Data Shape: 184027 rows, 5 columns
2025-05-23 06:35:33,649 - INFO - Total missing values: 0
2025-05-23 06:35:34,426 - INFO - Duplicated rows: 0 (0.00%)
2025-05-23 06:35:34,431 - INFO - - Column 'Topic' has 173948 duplicate values (94.52%)
2025-05-23 06:35:34,439 - INFO - - Column 'Position' has 183699 duplicate values (99.82%)
2025-05-23 06:35:34,454 - INFO - - Column 'Qualification' has 172312 duplicate values (93.63%)
2025-05-23 06:35:34,630 - INFO - Text quality for column 'Segmented_Qualification':
2025-05-23 06:35:34,631 - INFO - - Empty strings: 0 (0.00%)
2025-05-23 06:35:34,632 - INFO - - Very short texts (<10 chars): 0 (0.00%)
2025-05-23 06:35:34,632 - INFO - - Length statistics: min=21.0, max=4552.0, avg=180.98
2025-05-23 06:35:34,655 - INFO - Quality report saved to /home/whilebell/Code/Project/TechStack-NER/data/interim/data_quality_report.json
2025-05-23 06:35:35,229 - INFO - Saved processed data to /home/whilebell/Code/Project/TechStack-NER/data/interim/segmented_data.csv
2025-05-28 04:30:54,730 - INFO - SmartWordSeparator initialized with method: wordninja
2025-05-28 04:30:55,066 - INFO - JobDataProcessor initialized with config: {'input_file': 'training-data/job_title_des.csv', 'output_file': 'segmented_data.csv', 'quality_report_file': 'data_quality_report.json', 'separate_concatenated_words': True, 'sample_fraction': 1, 'random_seed': 42, 'min_sentence_length': 10, 'max_tokens_per_sentence': 100, 'parallelize': True, 'batch_size': 1000, 'save_intermediate': True, 'keep_original_columns': False, 'similarity_threshold': 0.85, 'use_wordninja': True}
2025-05-28 04:30:55,066 - INFO - Loading data from /home/whilebell/Code/Project/TechStack-NER/data/raw/training-data/job_title_des.csv
2025-05-28 04:30:55,100 - INFO - Loaded data with shape: (2277, 3)
2025-05-28 04:30:55,105 - INFO - Removed 13 duplicate qualifications
2025-05-28 04:30:55,105 - INFO - Filtering non-Thai content...
2025-05-28 04:30:55,273 - INFO - Removed 0 rows with Thai content
2025-05-28 04:30:55,274 - INFO - Cleaning qualification text...
2025-05-28 04:30:56,093 - INFO - Saved cleaned data to /home/whilebell/Code/Project/TechStack-NER/data/interim/cleaned_data.csv
2025-05-28 04:30:56,093 - INFO - Segmenting qualification text into sentences...
2025-05-28 04:31:47,788 - INFO - Exploding sentences to individual rows...
2025-05-28 04:31:47,810 - INFO - Removed 288 invalid or too short sentences
2025-05-28 04:31:47,810 - INFO - Combining Topic with Segmented_Qualification...
2025-05-28 04:31:47,891 - INFO - Removed 2692 duplicate segmented qualifications
2025-05-28 04:31:47,891 - INFO - Removing similar sentences...
2025-05-28 04:31:47,891 - INFO - Finding and removing similar sentences in parallel with 15 processes...
2025-05-28 04:31:48,007 - INFO - Finding and removing similar sentences with threshold 0.85...
2025-05-28 04:31:48,010 - INFO - Finding and removing similar sentences with threshold 0.85...
2025-05-28 04:31:48,013 - INFO - Finding and removing similar sentences with threshold 0.85...
2025-05-28 04:31:48,017 - INFO - Finding and removing similar sentences with threshold 0.85...
2025-05-28 04:31:48,022 - INFO - Finding and removing similar sentences with threshold 0.85...
2025-05-28 04:31:48,027 - INFO - Finding and removing similar sentences with threshold 0.85...
2025-05-28 04:31:48,032 - INFO - Finding and removing similar sentences with threshold 0.85...
2025-05-28 04:31:48,042 - INFO - Finding and removing similar sentences with threshold 0.85...
2025-05-28 04:31:48,049 - INFO - Finding and removing similar sentences with threshold 0.85...
2025-05-28 04:31:48,054 - INFO - Finding and removing similar sentences with threshold 0.85...
2025-05-28 04:31:48,060 - INFO - Finding and removing similar sentences with threshold 0.85...
2025-05-28 04:31:48,066 - INFO - Finding and removing similar sentences with threshold 0.85...
2025-05-28 04:31:48,073 - INFO - Finding and removing similar sentences with threshold 0.85...
2025-05-28 04:31:48,102 - INFO - Finding and removing similar sentences with threshold 0.85...
2025-05-28 04:31:48,102 - INFO - Finding and removing similar sentences with threshold 0.85...
2025-05-28 04:31:48,493 - INFO - Removed 29 similar sentences (2.09%)
2025-05-28 04:31:48,493 - INFO - Found 1361 clusters of similar sentences
2025-05-28 04:31:48,493 - INFO - Removed 8 similar sentences (0.58%)
2025-05-28 04:31:48,493 - INFO - Found 1382 clusters of similar sentences
2025-05-28 04:31:48,505 - INFO - Finding and removing similar sentences with threshold 0.85...
2025-05-28 04:31:48,513 - INFO - Removed 0 similar sentences (0.00%)
2025-05-28 04:31:48,513 - INFO - Found 7 clusters of similar sentences
2025-05-28 04:31:48,517 - INFO - Removed 13 similar sentences (0.94%)
2025-05-28 04:31:48,517 - INFO - Found 1377 clusters of similar sentences
2025-05-28 04:31:48,518 - INFO - Removed 7 similar sentences (0.50%)
2025-05-28 04:31:48,518 - INFO - Found 1383 clusters of similar sentences
2025-05-28 04:31:48,526 - INFO - Removed 18 similar sentences (1.29%)
2025-05-28 04:31:48,526 - INFO - Removed 5 similar sentences (0.36%)
2025-05-28 04:31:48,526 - INFO - Found 1372 clusters of similar sentences
2025-05-28 04:31:48,527 - INFO - Found 1385 clusters of similar sentences
2025-05-28 04:31:48,541 - INFO - Removed 11 similar sentences (0.79%)
2025-05-28 04:31:48,541 - INFO - Found 1379 clusters of similar sentences
2025-05-28 04:31:48,556 - INFO - Removed 14 similar sentences (1.01%)
2025-05-28 04:31:48,556 - INFO - Found 1376 clusters of similar sentences
2025-05-28 04:31:48,556 - INFO - Removed 13 similar sentences (0.94%)
2025-05-28 04:31:48,557 - INFO - Found 1377 clusters of similar sentences
2025-05-28 04:31:48,582 - INFO - Removed 6 similar sentences (0.43%)
2025-05-28 04:31:48,583 - INFO - Found 1384 clusters of similar sentences
2025-05-28 04:31:48,586 - INFO - Removed 16 similar sentences (1.15%)
2025-05-28 04:31:48,587 - INFO - Found 1374 clusters of similar sentences
2025-05-28 04:31:48,588 - INFO - Removed 28 similar sentences (2.01%)
2025-05-28 04:31:48,588 - INFO - Found 1362 clusters of similar sentences
2025-05-28 04:31:48,589 - INFO - Removed 16 similar sentences (1.15%)
2025-05-28 04:31:48,589 - INFO - Found 1374 clusters of similar sentences
2025-05-28 04:31:48,598 - INFO - Removed 18 similar sentences (1.29%)
2025-05-28 04:31:48,598 - INFO - Found 1372 clusters of similar sentences
2025-05-28 04:31:48,609 - INFO - Removed 14 similar sentences (1.01%)
2025-05-28 04:31:48,609 - INFO - Found 1376 clusters of similar sentences
2025-05-28 04:31:48,658 - INFO - Performing final pass to catch cross-boundary similarities...
2025-05-28 04:31:48,658 - INFO - Finding and removing similar sentences with threshold 0.85...
2025-05-28 04:31:51,191 - INFO - Removed 60 similar sentences (0.29%)
2025-05-28 04:31:51,192 - INFO - Found 20581 clusters of similar sentences
2025-05-28 04:31:51,193 - INFO - Removed 276 similar sentences (1.32%)
2025-05-28 04:31:51,196 - INFO - Running data quality checks...
2025-05-28 04:31:51,196 - INFO - Data Shape: 20581 rows, 5 columns
2025-05-28 04:31:51,199 - INFO - Total missing values: 0
2025-05-28 04:31:51,272 - INFO - Duplicated rows: 0 (0.00%)
2025-05-28 04:31:51,273 - INFO - - Column 'Topic' has 20566 duplicate values (99.93%)
2025-05-28 04:31:51,275 - INFO - - Column 'Qualification' has 18332 duplicate values (89.07%)
2025-05-28 04:31:51,299 - INFO - Text quality for column 'Segmented_Qualification':
2025-05-28 04:31:51,300 - INFO - - Empty strings: 0 (0.00%)
2025-05-28 04:31:51,300 - INFO - - Very short texts (<10 chars): 0 (0.00%)
2025-05-28 04:31:51,300 - INFO - - Length statistics: min=26.0, max=7459.0, avg=216.34
2025-05-28 04:31:51,304 - INFO - Quality report saved to /home/whilebell/Code/Project/TechStack-NER/data/interim/data_quality_report.json
2025-05-28 04:31:51,355 - INFO - Saved processed data to /home/whilebell/Code/Project/TechStack-NER/data/interim/segmented_data.csv
2025-05-28 04:41:47,715 - INFO - JobDataProcessor initialized with config: {'input_file': 'training-data/job_title_des.csv', 'output_file': 'segmented_data.csv', 'quality_report_file': 'data_quality_report.json', 'separate_concatenated_words': False, 'sample_fraction': 1, 'random_seed': 42, 'min_sentence_length': 10, 'max_tokens_per_sentence': 100, 'parallelize': True, 'batch_size': 1000, 'save_intermediate': True, 'keep_original_columns': False, 'similarity_threshold': 0.9, 'use_wordninja': True}
2025-05-28 04:41:47,716 - INFO - Loading data from /home/whilebell/Code/Project/TechStack-NER/data/raw/training-data/job_title_des.csv
2025-05-28 04:41:47,750 - INFO - Loaded data with shape: (2277, 3)
2025-05-28 04:41:47,753 - INFO - Removed 13 duplicate qualifications
2025-05-28 04:41:47,753 - INFO - Filtering non-Thai content...
2025-05-28 04:41:47,962 - INFO - Removed 0 rows with Thai content
2025-05-28 04:41:47,963 - INFO - Cleaning qualification text...
2025-05-28 04:41:48,358 - INFO - Saved cleaned data to /home/whilebell/Code/Project/TechStack-NER/data/interim/cleaned_data.csv
2025-05-28 04:41:48,358 - INFO - Segmenting qualification text into sentences...
2025-05-28 04:42:39,688 - INFO - Exploding sentences to individual rows...
2025-05-28 04:42:39,707 - INFO - Removed 280 invalid or too short sentences
2025-05-28 04:42:39,711 - INFO - Removed 3546 duplicate segmented qualifications
2025-05-28 04:42:39,711 - INFO - Removing similar sentences...
2025-05-28 04:42:39,711 - INFO - Finding and removing similar sentences in parallel with 15 processes...
2025-05-28 04:42:39,829 - INFO - Finding and removing similar sentences with threshold 0.9...
2025-05-28 04:42:39,832 - INFO - Finding and removing similar sentences with threshold 0.9...
2025-05-28 04:42:39,835 - INFO - Finding and removing similar sentences with threshold 0.9...
2025-05-28 04:42:39,838 - INFO - Finding and removing similar sentences with threshold 0.9...
2025-05-28 04:42:39,842 - INFO - Finding and removing similar sentences with threshold 0.9...
2025-05-28 04:42:39,846 - INFO - Finding and removing similar sentences with threshold 0.9...
2025-05-28 04:42:39,848 - INFO - Finding and removing similar sentences with threshold 0.9...
2025-05-28 04:42:39,853 - INFO - Finding and removing similar sentences with threshold 0.9...
2025-05-28 04:42:39,859 - INFO - Finding and removing similar sentences with threshold 0.9...
2025-05-28 04:42:39,863 - INFO - Finding and removing similar sentences with threshold 0.9...
2025-05-28 04:42:39,870 - INFO - Finding and removing similar sentences with threshold 0.9...
2025-05-28 04:42:39,876 - INFO - Finding and removing similar sentences with threshold 0.9...
2025-05-28 04:42:39,882 - INFO - Finding and removing similar sentences with threshold 0.9...
2025-05-28 04:42:39,891 - INFO - Finding and removing similar sentences with threshold 0.9...
2025-05-28 04:42:39,900 - INFO - Finding and removing similar sentences with threshold 0.9...
2025-05-28 04:42:40,256 - INFO - Removed 7 similar sentences (0.53%)
2025-05-28 04:42:40,257 - INFO - Found 1321 clusters of similar sentences
2025-05-28 04:42:40,276 - INFO - Finding and removing similar sentences with threshold 0.9...
2025-05-28 04:42:40,283 - INFO - Removed 0 similar sentences (0.00%)
2025-05-28 04:42:40,283 - INFO - Found 7 clusters of similar sentences
2025-05-28 04:42:40,319 - INFO - Removed 4 similar sentences (0.30%)
2025-05-28 04:42:40,320 - INFO - Found 1324 clusters of similar sentences
2025-05-28 04:42:40,323 - INFO - Removed 8 similar sentences (0.60%)
2025-05-28 04:42:40,323 - INFO - Found 1320 clusters of similar sentences
2025-05-28 04:42:40,352 - INFO - Removed 3 similar sentences (0.23%)
2025-05-28 04:42:40,352 - INFO - Found 1325 clusters of similar sentences
2025-05-28 04:42:40,358 - INFO - Removed 3 similar sentences (0.23%)
2025-05-28 04:42:40,359 - INFO - Found 1325 clusters of similar sentences
2025-05-28 04:42:40,363 - INFO - Removed 4 similar sentences (0.30%)
2025-05-28 04:42:40,363 - INFO - Removed 1 similar sentences (0.08%)
2025-05-28 04:42:40,363 - INFO - Found 1324 clusters of similar sentences
2025-05-28 04:42:40,363 - INFO - Found 1327 clusters of similar sentences
2025-05-28 04:42:40,371 - INFO - Removed 9 similar sentences (0.68%)
2025-05-28 04:42:40,371 - INFO - Found 1319 clusters of similar sentences
2025-05-28 04:42:40,382 - INFO - Removed 6 similar sentences (0.45%)
2025-05-28 04:42:40,382 - INFO - Found 1322 clusters of similar sentences
2025-05-28 04:42:40,384 - INFO - Removed 3 similar sentences (0.23%)
2025-05-28 04:42:40,384 - INFO - Found 1325 clusters of similar sentences
2025-05-28 04:42:40,393 - INFO - Removed 5 similar sentences (0.38%)
2025-05-28 04:42:40,394 - INFO - Found 1323 clusters of similar sentences
2025-05-28 04:42:40,400 - INFO - Removed 1 similar sentences (0.08%)
2025-05-28 04:42:40,400 - INFO - Found 1327 clusters of similar sentences
2025-05-28 04:42:40,405 - INFO - Removed 7 similar sentences (0.53%)
2025-05-28 04:42:40,405 - INFO - Found 1321 clusters of similar sentences
2025-05-28 04:42:40,419 - INFO - Removed 3 similar sentences (0.23%)
2025-05-28 04:42:40,419 - INFO - Found 1325 clusters of similar sentences
2025-05-28 04:42:40,420 - INFO - Removed 5 similar sentences (0.38%)
2025-05-28 04:42:40,420 - INFO - Found 1323 clusters of similar sentences
2025-05-28 04:42:40,460 - INFO - Performing final pass to catch cross-boundary similarities...
2025-05-28 04:42:40,460 - INFO - Finding and removing similar sentences with threshold 0.9...
2025-05-28 04:42:42,902 - INFO - Removed 15 similar sentences (0.08%)
2025-05-28 04:42:42,902 - INFO - Found 19843 clusters of similar sentences
2025-05-28 04:42:42,903 - INFO - Removed 84 similar sentences (0.42%)
2025-05-28 04:42:42,905 - INFO - Running data quality checks...
2025-05-28 04:42:42,905 - INFO - Data Shape: 19843 rows, 5 columns
2025-05-28 04:42:42,908 - INFO - Total missing values: 0
2025-05-28 04:42:42,968 - INFO - Duplicated rows: 0 (0.00%)
2025-05-28 04:42:42,969 - INFO - - Column 'Topic' has 19828 duplicate values (99.92%)
2025-05-28 04:42:42,971 - INFO - - Column 'Qualification' has 17592 duplicate values (88.66%)
2025-05-28 04:42:42,983 - INFO - Text quality for column 'Segmented_Qualification':
2025-05-28 04:42:42,983 - INFO - - Empty strings: 0 (0.00%)
2025-05-28 04:42:42,983 - INFO - - Very short texts (<10 chars): 0 (0.00%)
2025-05-28 04:42:42,983 - INFO - - Length statistics: min=10.0, max=7428.0, avg=199.77
2025-05-28 04:42:42,986 - INFO - Quality report saved to /home/whilebell/Code/Project/TechStack-NER/data/interim/data_quality_report.json
2025-05-28 04:42:43,046 - INFO - Saved processed data to /home/whilebell/Code/Project/TechStack-NER/data/interim/segmented_data.csv
2025-05-28 04:43:57,861 - INFO - JobDataProcessor initialized with config: {'input_file': 'training-data/job_title_des.csv', 'output_file': 'segmented_data.csv', 'quality_report_file': 'data_quality_report.json', 'separate_concatenated_words': False, 'sample_fraction': 1, 'random_seed': 42, 'min_sentence_length': 10, 'max_tokens_per_sentence': 100, 'parallelize': True, 'batch_size': 1000, 'save_intermediate': True, 'keep_original_columns': False, 'similarity_threshold': 1.0, 'use_wordninja': True}
2025-05-28 04:43:57,862 - INFO - Loading data from /home/whilebell/Code/Project/TechStack-NER/data/raw/training-data/job_title_des.csv
2025-05-28 04:43:57,894 - INFO - Loaded data with shape: (2277, 3)
2025-05-28 04:43:57,897 - INFO - Removed 13 duplicate qualifications
2025-05-28 04:43:57,897 - INFO - Filtering non-Thai content...
2025-05-28 04:43:58,037 - INFO - Removed 0 rows with Thai content
2025-05-28 04:43:58,037 - INFO - Cleaning qualification text...
2025-05-28 04:43:58,334 - INFO - Saved cleaned data to /home/whilebell/Code/Project/TechStack-NER/data/interim/cleaned_data.csv
2025-05-28 04:43:58,334 - INFO - Segmenting qualification text into sentences...
2025-05-28 04:44:46,207 - INFO - Exploding sentences to individual rows...
2025-05-28 04:44:46,231 - INFO - Removed 280 invalid or too short sentences
2025-05-28 04:44:46,236 - INFO - Removed 3546 duplicate segmented qualifications
2025-05-28 04:44:46,236 - INFO - Removing similar sentences...
2025-05-28 04:44:46,236 - INFO - Finding and removing similar sentences in parallel with 15 processes...
2025-05-28 04:44:46,385 - INFO - Finding and removing similar sentences with threshold 1.0...
2025-05-28 04:44:46,388 - INFO - Finding and removing similar sentences with threshold 1.0...
2025-05-28 04:44:46,391 - INFO - Finding and removing similar sentences with threshold 1.0...
2025-05-28 04:44:46,394 - INFO - Finding and removing similar sentences with threshold 1.0...
2025-05-28 04:44:46,400 - INFO - Finding and removing similar sentences with threshold 1.0...
2025-05-28 04:44:46,406 - INFO - Finding and removing similar sentences with threshold 1.0...
2025-05-28 04:44:46,412 - INFO - Finding and removing similar sentences with threshold 1.0...
2025-05-28 04:44:46,420 - INFO - Finding and removing similar sentences with threshold 1.0...
2025-05-28 04:44:46,424 - INFO - Finding and removing similar sentences with threshold 1.0...
2025-05-28 04:44:46,431 - INFO - Finding and removing similar sentences with threshold 1.0...
2025-05-28 04:44:46,437 - INFO - Finding and removing similar sentences with threshold 1.0...
2025-05-28 04:44:46,446 - INFO - Finding and removing similar sentences with threshold 1.0...
2025-05-28 04:44:46,453 - INFO - Finding and removing similar sentences with threshold 1.0...
2025-05-28 04:44:46,468 - INFO - Finding and removing similar sentences with threshold 1.0...
2025-05-28 04:44:46,468 - INFO - Finding and removing similar sentences with threshold 1.0...
2025-05-28 04:44:46,848 - INFO - Removed 0 similar sentences (0.00%)
2025-05-28 04:44:46,848 - INFO - Found 1328 clusters of similar sentences
2025-05-28 04:44:46,870 - INFO - Finding and removing similar sentences with threshold 1.0...
2025-05-28 04:44:46,873 - INFO - Removed 2 similar sentences (0.15%)
2025-05-28 04:44:46,873 - INFO - Found 1326 clusters of similar sentences
2025-05-28 04:44:46,873 - INFO - Removed 2 similar sentences (0.15%)
2025-05-28 04:44:46,874 - INFO - Found 1326 clusters of similar sentences
2025-05-28 04:44:46,883 - INFO - Removed 3 similar sentences (0.23%)
2025-05-28 04:44:46,884 - INFO - Found 1325 clusters of similar sentences
2025-05-28 04:44:46,886 - INFO - Removed 0 similar sentences (0.00%)
2025-05-28 04:44:46,886 - INFO - Found 7 clusters of similar sentences
2025-05-28 04:44:46,911 - INFO - Removed 3 similar sentences (0.23%)
2025-05-28 04:44:46,911 - INFO - Found 1325 clusters of similar sentences
2025-05-28 04:44:46,927 - INFO - Removed 0 similar sentences (0.00%)
2025-05-28 04:44:46,927 - INFO - Found 1328 clusters of similar sentences
2025-05-28 04:44:46,928 - INFO - Removed 0 similar sentences (0.00%)
2025-05-28 04:44:46,928 - INFO - Found 1328 clusters of similar sentences
2025-05-28 04:44:46,930 - INFO - Removed 0 similar sentences (0.00%)
2025-05-28 04:44:46,931 - INFO - Found 1328 clusters of similar sentences
2025-05-28 04:44:46,932 - INFO - Removed 2 similar sentences (0.15%)
2025-05-28 04:44:46,932 - INFO - Found 1326 clusters of similar sentences
2025-05-28 04:44:46,935 - INFO - Removed 1 similar sentences (0.08%)
2025-05-28 04:44:46,935 - INFO - Found 1327 clusters of similar sentences
2025-05-28 04:44:46,945 - INFO - Removed 2 similar sentences (0.15%)
2025-05-28 04:44:46,946 - INFO - Found 1326 clusters of similar sentences
2025-05-28 04:44:46,946 - INFO - Removed 2 similar sentences (0.15%)
2025-05-28 04:44:46,946 - INFO - Found 1326 clusters of similar sentences
2025-05-28 04:44:46,951 - INFO - Removed 3 similar sentences (0.23%)
2025-05-28 04:44:46,951 - INFO - Found 1325 clusters of similar sentences
2025-05-28 04:44:46,951 - INFO - Removed 1 similar sentences (0.08%)
2025-05-28 04:44:46,951 - INFO - Found 1327 clusters of similar sentences
2025-05-28 04:44:46,969 - INFO - Removed 2 similar sentences (0.15%)
2025-05-28 04:44:46,969 - INFO - Found 1326 clusters of similar sentences
2025-05-28 04:44:47,002 - INFO - Performing final pass to catch cross-boundary similarities...
2025-05-28 04:44:47,002 - INFO - Finding and removing similar sentences with threshold 1.0...
2025-05-28 04:44:49,371 - INFO - Removed 7 similar sentences (0.04%)
2025-05-28 04:44:49,372 - INFO - Found 19897 clusters of similar sentences
2025-05-28 04:44:49,375 - INFO - Removed 30 similar sentences (0.15%)
2025-05-28 04:44:49,378 - INFO - Running data quality checks...
2025-05-28 04:44:49,378 - INFO - Data Shape: 19897 rows, 5 columns
2025-05-28 04:44:49,380 - INFO - Total missing values: 0
2025-05-28 04:44:49,438 - INFO - Duplicated rows: 0 (0.00%)
2025-05-28 04:44:49,439 - INFO - - Column 'Topic' has 19882 duplicate values (99.92%)
2025-05-28 04:44:49,440 - INFO - - Column 'Qualification' has 17647 duplicate values (88.69%)
2025-05-28 04:44:49,454 - INFO - Text quality for column 'Segmented_Qualification':
2025-05-28 04:44:49,454 - INFO - - Empty strings: 0 (0.00%)
2025-05-28 04:44:49,454 - INFO - - Very short texts (<10 chars): 0 (0.00%)
2025-05-28 04:44:49,454 - INFO - - Length statistics: min=10.0, max=7428.0, avg=199.74
2025-05-28 04:44:49,456 - INFO - Quality report saved to /home/whilebell/Code/Project/TechStack-NER/data/interim/data_quality_report.json
2025-05-28 04:44:49,516 - INFO - Saved processed data to /home/whilebell/Code/Project/TechStack-NER/data/interim/segmented_data.csv
2025-06-03 12:51:03,419 - INFO - JobDataProcessor initialized with config: {'input_file': 'classified/tech_jobs_only.csv', 'output_file': 'segmented-data/scraping-segmented-data.csv', 'quality_report_file': 'data_quality_report.json', 'separate_concatenated_words': False, 'sample_fraction': 1, 'random_seed': 42, 'min_sentence_length': 10, 'max_tokens_per_sentence': 100, 'parallelize': True, 'batch_size': 1000, 'save_intermediate': True, 'keep_original_columns': False, 'similarity_threshold': 1.0, 'use_wordninja': True}
2025-06-03 12:51:03,420 - INFO - Loading data from /home/whilebell/Code/Project/TechStack-NER/src/data/raw/classified/tech_jobs_only.csv
2025-06-03 12:51:03,421 - ERROR - Error loading data: [Errno 2] No such file or directory: '/home/whilebell/Code/Project/TechStack-NER/src/data/raw/classified/tech_jobs_only.csv'
2025-06-03 12:52:12,431 - INFO - JobDataProcessor initialized with config: {'input_file': 'classified/tech_jobs_only.csv', 'output_file': 'segmented-data/scraping-segmented-data.csv', 'quality_report_file': 'data_quality_report.json', 'separate_concatenated_words': False, 'sample_fraction': 1, 'random_seed': 42, 'min_sentence_length': 10, 'max_tokens_per_sentence': 100, 'parallelize': True, 'batch_size': 1000, 'save_intermediate': True, 'keep_original_columns': False, 'similarity_threshold': 1.0, 'use_wordninja': True}
2025-06-03 12:52:12,432 - INFO - Loading data from data/raw/classified/tech_jobs_only.csv
2025-06-03 12:52:12,432 - ERROR - Error loading data: [Errno 2] No such file or directory: 'data/raw/classified/tech_jobs_only.csv'
2025-06-03 12:53:55,034 - INFO - JobDataProcessor initialized with config: {'input_file': 'training-data/job_title_des.csv', 'output_file': 'segmented-data/test_data.csv', 'quality_report_file': 'data_quality_report.json', 'separate_concatenated_words': False, 'sample_fraction': 1, 'random_seed': 42, 'min_sentence_length': 10, 'max_tokens_per_sentence': 100, 'parallelize': True, 'batch_size': 1000, 'save_intermediate': True, 'keep_original_columns': False, 'similarity_threshold': 1.0, 'use_wordninja': True}
2025-06-03 12:53:55,034 - INFO - Loading data from data/raw/training-data/job_title_des.csv
2025-06-03 12:53:55,035 - ERROR - Error loading data: [Errno 2] No such file or directory: 'data/raw/training-data/job_title_des.csv'
2025-06-03 12:56:26,370 - INFO - JobDataProcessor initialized with config: {'input_file': 'classified/tech_jobs_only.csv', 'output_file': 'segmented-data/scraping-segmented_data.csv', 'quality_report_file': 'data_quality_report.json', 'separate_concatenated_words': False, 'sample_fraction': 1, 'random_seed': 42, 'min_sentence_length': 10, 'max_tokens_per_sentence': 100, 'parallelize': True, 'batch_size': 1000, 'save_intermediate': True, 'keep_original_columns': False, 'similarity_threshold': 1.0, 'use_wordninja': True}
2025-06-03 12:56:26,371 - INFO - Loading data from data/raw/classified/tech_jobs_only.csv
2025-06-03 12:56:26,371 - ERROR - Error loading data: [Errno 2] No such file or directory: 'data/raw/classified/tech_jobs_only.csv'
2025-06-03 12:57:48,033 - INFO - JobDataProcessor initialized with config: {'input_file': 'training-data/job_title_des.csv', 'output_file': 'segmented_data.csv', 'quality_report_file': 'data_quality_report.json', 'separate_concatenated_words': False, 'sample_fraction': 1, 'random_seed': 42, 'min_sentence_length': 10, 'max_tokens_per_sentence': 100, 'parallelize': True, 'batch_size': 1000, 'save_intermediate': True, 'keep_original_columns': False, 'similarity_threshold': 1.0, 'use_wordninja': True}
2025-06-03 12:57:48,033 - INFO - Loading data from data/raw/training-data/job_title_des.csv
2025-06-03 12:57:48,034 - ERROR - Error loading data: [Errno 2] No such file or directory: 'data/raw/training-data/job_title_des.csv'
2025-06-03 12:58:45,910 - INFO - JobDataProcessor initialized with config: {'input_file': 'training-data/job_title_des.csv', 'output_file': 'segmented_data.csv', 'quality_report_file': 'data_quality_report.json', 'separate_concatenated_words': False, 'sample_fraction': 1, 'random_seed': 42, 'min_sentence_length': 10, 'max_tokens_per_sentence': 100, 'parallelize': True, 'batch_size': 1000, 'save_intermediate': True, 'keep_original_columns': False, 'similarity_threshold': 1.0, 'use_wordninja': True}
2025-06-03 12:58:45,910 - INFO - Loading data from data/raw/training-data/job_title_des.csv
2025-06-03 12:58:45,910 - ERROR - Error loading data: [Errno 2] No such file or directory: 'data/raw/training-data/job_title_des.csv'
2025-06-03 13:01:11,765 - INFO - JobDataProcessor initialized with config: {'input_file': 'training-data/job_title_des.csv', 'output_file': 'segmented_data.csv', 'quality_report_file': 'data_quality_report.json', 'separate_concatenated_words': False, 'sample_fraction': 1, 'random_seed': 42, 'min_sentence_length': 10, 'max_tokens_per_sentence': 100, 'parallelize': True, 'batch_size': 1000, 'save_intermediate': True, 'keep_original_columns': False, 'similarity_threshold': 1.0, 'use_wordninja': True}
2025-06-03 13:01:11,765 - INFO - Loading data from /home/whilebell/Code/Project/TechStack-NER/data/raw/training-data/job_title_des.csv
2025-06-03 13:01:11,765 - ERROR - Error loading data: [Errno 2] No such file or directory: '/home/whilebell/Code/Project/TechStack-NER/data/raw/training-data/job_title_des.csv'
2025-06-03 13:01:36,528 - INFO - JobDataProcessor initialized with config: {'input_file': 'training-data/job_title_des.csv', 'output_file': 'segmented_data.csv', 'quality_report_file': 'data_quality_report.json', 'separate_concatenated_words': False, 'sample_fraction': 1, 'random_seed': 42, 'min_sentence_length': 10, 'max_tokens_per_sentence': 100, 'parallelize': True, 'batch_size': 1000, 'save_intermediate': True, 'keep_original_columns': False, 'similarity_threshold': 1.0, 'use_wordninja': True}
2025-06-03 13:01:36,528 - INFO - Loading data from /home/whilebell/Code/Project/TechStack-NER/data/raw/training-data/job_title_des.csv
2025-06-03 13:01:36,529 - ERROR - Error loading data: [Errno 2] No such file or directory: '/home/whilebell/Code/Project/TechStack-NER/data/raw/training-data/job_title_des.csv'
2025-06-03 13:03:43,313 - INFO - JobDataProcessor initialized with config: {'input_file': 'classified/classified_jobs.csv', 'output_file': 'segmented-data/scraping-segmented-data.csv', 'quality_report_file': 'data_quality_report.json', 'separate_concatenated_words': False, 'sample_fraction': 1, 'random_seed': 42, 'min_sentence_length': 10, 'max_tokens_per_sentence': 100, 'parallelize': True, 'batch_size': 1000, 'save_intermediate': True, 'keep_original_columns': False, 'similarity_threshold': 1.0, 'use_wordninja': True}
2025-06-03 13:03:43,313 - INFO - Loading data from /home/whilebell/Code/Project/TechStack-NER/data/raw/classified/classified_jobs.csv
2025-06-03 13:03:44,127 - INFO - Loaded data with shape: (40305, 7)
2025-06-03 13:03:44,148 - INFO - Removed 24977 duplicate qualifications
2025-06-03 13:03:44,149 - INFO - Filtering non-Thai content...
2025-06-03 13:03:44,573 - INFO - Removed 3364 rows with Thai content
2025-06-03 13:03:44,573 - INFO - Cleaning qualification text...
2025-06-03 13:03:45,805 - INFO - Saved cleaned data to /home/whilebell/Code/Project/TechStack-NER/data/interim/cleaned_data.csv
2025-06-03 13:03:45,806 - INFO - Segmenting qualification text into sentences...
2025-06-03 13:09:10,258 - INFO - Exploding sentences to individual rows...
2025-06-03 13:09:10,466 - INFO - Removed 1472 invalid or too short sentences
2025-06-03 13:09:10,515 - INFO - Removed 64736 duplicate segmented qualifications
2025-06-03 13:09:10,515 - INFO - Removing similar sentences...
2025-06-03 13:09:10,516 - INFO - Finding and removing similar sentences in parallel with 15 processes...
2025-06-03 13:09:10,763 - INFO - Finding and removing similar sentences with threshold 1.0...
2025-06-03 13:09:10,791 - INFO - Finding and removing similar sentences with threshold 1.0...
2025-06-03 13:09:10,829 - INFO - Finding and removing similar sentences with threshold 1.0...
2025-06-03 13:09:10,868 - INFO - Finding and removing similar sentences with threshold 1.0...
2025-06-03 13:09:10,910 - INFO - Finding and removing similar sentences with threshold 1.0...
2025-06-03 13:09:10,975 - INFO - Finding and removing similar sentences with threshold 1.0...
2025-06-03 13:09:11,028 - INFO - Finding and removing similar sentences with threshold 1.0...
2025-06-03 13:09:11,086 - INFO - Finding and removing similar sentences with threshold 1.0...
2025-06-03 13:09:11,139 - INFO - Finding and removing similar sentences with threshold 1.0...
2025-06-03 13:09:11,190 - INFO - Finding and removing similar sentences with threshold 1.0...
2025-06-03 13:09:11,241 - INFO - Finding and removing similar sentences with threshold 1.0...
2025-06-03 13:09:11,299 - INFO - Finding and removing similar sentences with threshold 1.0...
2025-06-03 13:09:11,345 - INFO - Finding and removing similar sentences with threshold 1.0...
2025-06-03 13:09:11,410 - INFO - Finding and removing similar sentences with threshold 1.0...
2025-06-03 13:09:11,475 - INFO - Finding and removing similar sentences with threshold 1.0...
2025-06-03 13:09:13,574 - INFO - Removed 6 similar sentences (0.06%)
2025-06-03 13:09:13,574 - INFO - Found 10528 clusters of similar sentences
2025-06-03 13:09:13,639 - INFO - Finding and removing similar sentences with threshold 1.0...
2025-06-03 13:09:13,645 - INFO - Removed 6 similar sentences (0.06%)
2025-06-03 13:09:13,645 - INFO - Found 10528 clusters of similar sentences
2025-06-03 13:09:13,647 - INFO - Removed 0 similar sentences (0.00%)
2025-06-03 13:09:13,647 - INFO - Found 3 clusters of similar sentences
2025-06-03 13:09:13,716 - INFO - Removed 31 similar sentences (0.29%)
2025-06-03 13:09:13,716 - INFO - Found 10503 clusters of similar sentences
2025-06-03 13:09:13,870 - INFO - Removed 2 similar sentences (0.02%)
2025-06-03 13:09:13,870 - INFO - Found 10532 clusters of similar sentences
2025-06-03 13:09:13,953 - INFO - Removed 15 similar sentences (0.14%)
2025-06-03 13:09:13,953 - INFO - Found 10519 clusters of similar sentences
2025-06-03 13:09:14,048 - INFO - Removed 12 similar sentences (0.11%)
2025-06-03 13:09:14,048 - INFO - Found 10522 clusters of similar sentences
2025-06-03 13:09:14,133 - INFO - Removed 4 similar sentences (0.04%)
2025-06-03 13:09:14,133 - INFO - Found 10529 clusters of similar sentences
2025-06-03 13:09:14,140 - INFO - Removed 8 similar sentences (0.08%)
2025-06-03 13:09:14,140 - INFO - Found 10526 clusters of similar sentences
2025-06-03 13:09:14,159 - INFO - Removed 14 similar sentences (0.13%)
2025-06-03 13:09:14,159 - INFO - Found 10520 clusters of similar sentences
2025-06-03 13:09:14,225 - INFO - Removed 32 similar sentences (0.30%)
2025-06-03 13:09:14,226 - INFO - Found 10502 clusters of similar sentences
2025-06-03 13:09:14,270 - INFO - Removed 13 similar sentences (0.12%)
2025-06-03 13:09:14,270 - INFO - Found 10521 clusters of similar sentences
2025-06-03 13:09:14,278 - INFO - Removed 2 similar sentences (0.02%)
2025-06-03 13:09:14,279 - INFO - Found 10532 clusters of similar sentences
2025-06-03 13:09:14,305 - INFO - Removed 1 similar sentences (0.01%)
2025-06-03 13:09:14,305 - INFO - Found 10533 clusters of similar sentences
2025-06-03 13:09:14,365 - INFO - Removed 7 similar sentences (0.07%)
2025-06-03 13:09:14,365 - INFO - Found 10527 clusters of similar sentences
2025-06-03 13:09:14,369 - INFO - Removed 14 similar sentences (0.13%)
2025-06-03 13:09:14,369 - INFO - Found 10520 clusters of similar sentences
2025-06-03 13:09:14,473 - INFO - Performing final pass to catch cross-boundary similarities...
2025-06-03 13:09:14,474 - INFO - Finding and removing similar sentences with threshold 1.0...
2025-06-03 13:09:30,293 - INFO - Removed 47 similar sentences (0.03%)
2025-06-03 13:09:30,294 - INFO - Found 157798 clusters of similar sentences
2025-06-03 13:09:30,300 - INFO - Removed 214 similar sentences (0.14%)
2025-06-03 13:09:30,314 - INFO - Running data quality checks...
2025-06-03 13:09:30,314 - INFO - Data Shape: 157799 rows, 9 columns
2025-06-03 13:09:30,335 - INFO - Total missing values: 0
2025-06-03 13:09:30,832 - INFO - Duplicated rows: 0 (0.00%)
2025-06-03 13:09:30,835 - INFO - - Column 'Topic' has 147691 duplicate values (93.59%)
2025-06-03 13:09:30,838 - INFO - - Column 'Position' has 157471 duplicate values (99.79%)
2025-06-03 13:09:30,848 - INFO - - Column 'Qualification' has 146024 duplicate values (92.54%)
2025-06-03 13:09:30,850 - INFO - - Column 'predicted_label' has 157797 duplicate values (100.00%)
2025-06-03 13:09:30,942 - INFO - Text quality for column 'Segmented_Qualification':
2025-06-03 13:09:30,942 - INFO - - Empty strings: 0 (0.00%)
2025-06-03 13:09:30,943 - INFO - - Very short texts (<10 chars): 0 (0.00%)
2025-06-03 13:09:30,943 - INFO - - Length statistics: min=10.0, max=4519.0, avg=148.07
2025-06-03 13:09:30,959 - INFO - Quality report saved to /home/whilebell/Code/Project/TechStack-NER/data/interim/data_quality_report.json
2025-06-03 13:09:31,302 - INFO - Saved processed data to /home/whilebell/Code/Project/TechStack-NER/data/interim/segmented-data/scraping-segmented-data.csv
2025-06-03 13:56:45,463 - INFO - JobDataProcessor initialized with config: {'input_file': 'classified/classified_jobs.csv', 'output_file': 'segmented-data/scraping-segmented-data.csv', 'quality_report_file': 'data_quality_report.json', 'separate_concatenated_words': False, 'sample_fraction': 1, 'random_seed': 42, 'min_sentence_length': 10, 'max_tokens_per_sentence': 100, 'parallelize': True, 'batch_size': 1000, 'save_intermediate': True, 'keep_original_columns': False, 'similarity_threshold': 1.0, 'use_wordninja': True}
2025-06-03 13:56:45,464 - INFO - Loading data from /home/whilebell/Code/Project/TechStack-NER/data/raw/classified/classified_jobs.csv
2025-06-03 13:56:46,248 - INFO - Loaded data with shape: (40305, 7)
2025-06-03 13:56:46,275 - INFO - Removed 24977 duplicate qualifications
2025-06-03 13:56:46,275 - INFO - Filtering non-Thai content...
2025-06-03 13:56:46,712 - INFO - Removed 3364 rows with Thai content
2025-06-03 13:56:46,713 - INFO - Cleaning qualification text...
2025-06-03 13:56:47,971 - INFO - Saved cleaned data to /home/whilebell/Code/Project/TechStack-NER/data/interim/cleaned_data.csv
2025-06-03 13:56:47,971 - INFO - Segmenting qualification text into sentences...
2025-06-03 14:02:18,558 - INFO - Exploding sentences to individual rows...
2025-06-03 14:02:18,813 - INFO - Removed 1472 invalid or too short sentences
2025-06-03 14:02:18,865 - INFO - Removed 64736 duplicate segmented qualifications
2025-06-03 14:02:18,865 - INFO - Removing similar sentences...
2025-06-03 14:02:18,865 - INFO - Finding and removing similar sentences in parallel with 15 processes...
2025-06-03 14:02:19,174 - INFO - Finding and removing similar sentences with threshold 1.0...
2025-06-03 14:02:19,232 - INFO - Finding and removing similar sentences with threshold 1.0...
2025-06-03 14:02:19,284 - INFO - Finding and removing similar sentences with threshold 1.0...
2025-06-03 14:02:19,345 - INFO - Finding and removing similar sentences with threshold 1.0...
2025-06-03 14:02:19,393 - INFO - Finding and removing similar sentences with threshold 1.0...
2025-06-03 14:02:19,467 - INFO - Finding and removing similar sentences with threshold 1.0...
2025-06-03 14:02:19,546 - INFO - Finding and removing similar sentences with threshold 1.0...
2025-06-03 14:02:19,645 - INFO - Finding and removing similar sentences with threshold 1.0...
2025-06-03 14:02:19,769 - INFO - Finding and removing similar sentences with threshold 1.0...
2025-06-03 14:02:19,876 - INFO - Finding and removing similar sentences with threshold 1.0...
2025-06-03 14:02:19,967 - INFO - Finding and removing similar sentences with threshold 1.0...
2025-06-03 14:02:20,082 - INFO - Finding and removing similar sentences with threshold 1.0...
2025-06-03 14:02:20,205 - INFO - Finding and removing similar sentences with threshold 1.0...
2025-06-03 14:02:20,298 - INFO - Finding and removing similar sentences with threshold 1.0...
2025-06-03 14:02:20,375 - INFO - Finding and removing similar sentences with threshold 1.0...
2025-06-03 14:02:22,423 - INFO - Removed 6 similar sentences (0.06%)
2025-06-03 14:02:22,425 - INFO - Found 10528 clusters of similar sentences
2025-06-03 14:02:22,515 - INFO - Finding and removing similar sentences with threshold 1.0...
2025-06-03 14:02:22,528 - INFO - Removed 0 similar sentences (0.00%)
2025-06-03 14:02:22,529 - INFO - Found 3 clusters of similar sentences
2025-06-03 14:02:22,801 - INFO - Removed 2 similar sentences (0.02%)
2025-06-03 14:02:22,801 - INFO - Found 10532 clusters of similar sentences
2025-06-03 14:02:22,836 - INFO - Removed 6 similar sentences (0.06%)
2025-06-03 14:02:22,837 - INFO - Found 10528 clusters of similar sentences
2025-06-03 14:02:23,014 - INFO - Removed 31 similar sentences (0.29%)
2025-06-03 14:02:23,014 - INFO - Found 10503 clusters of similar sentences
2025-06-03 14:02:23,158 - INFO - Removed 15 similar sentences (0.14%)
2025-06-03 14:02:23,159 - INFO - Found 10519 clusters of similar sentences
2025-06-03 14:02:23,311 - INFO - Removed 12 similar sentences (0.11%)
2025-06-03 14:02:23,311 - INFO - Found 10522 clusters of similar sentences
2025-06-03 14:02:23,318 - INFO - Removed 4 similar sentences (0.04%)
2025-06-03 14:02:23,319 - INFO - Found 10529 clusters of similar sentences
2025-06-03 14:02:23,375 - INFO - Removed 14 similar sentences (0.13%)
2025-06-03 14:02:23,375 - INFO - Found 10520 clusters of similar sentences
2025-06-03 14:02:23,454 - INFO - Removed 8 similar sentences (0.08%)
2025-06-03 14:02:23,454 - INFO - Found 10526 clusters of similar sentences
2025-06-03 14:02:23,538 - INFO - Removed 13 similar sentences (0.12%)
2025-06-03 14:02:23,538 - INFO - Found 10521 clusters of similar sentences
2025-06-03 14:02:23,572 - INFO - Removed 32 similar sentences (0.30%)
2025-06-03 14:02:23,573 - INFO - Found 10502 clusters of similar sentences
2025-06-03 14:02:23,614 - INFO - Removed 2 similar sentences (0.02%)
2025-06-03 14:02:23,614 - INFO - Found 10532 clusters of similar sentences
2025-06-03 14:02:23,652 - INFO - Removed 1 similar sentences (0.01%)
2025-06-03 14:02:23,652 - INFO - Found 10533 clusters of similar sentences
2025-06-03 14:02:23,706 - INFO - Removed 14 similar sentences (0.13%)
2025-06-03 14:02:23,706 - INFO - Found 10520 clusters of similar sentences
2025-06-03 14:02:23,719 - INFO - Removed 7 similar sentences (0.07%)
2025-06-03 14:02:23,719 - INFO - Found 10527 clusters of similar sentences
2025-06-03 14:02:23,843 - INFO - Performing final pass to catch cross-boundary similarities...
2025-06-03 14:02:23,843 - INFO - Finding and removing similar sentences with threshold 1.0...
2025-06-03 14:02:43,322 - INFO - Removed 47 similar sentences (0.03%)
2025-06-03 14:02:43,323 - INFO - Found 157798 clusters of similar sentences
2025-06-03 14:02:43,332 - INFO - Removed 214 similar sentences (0.14%)
2025-06-03 14:02:43,351 - INFO - Running data quality checks...
2025-06-03 14:02:43,352 - INFO - Data Shape: 157799 rows, 9 columns
2025-06-03 14:02:43,382 - INFO - Total missing values: 0
2025-06-03 14:02:43,924 - INFO - Duplicated rows: 0 (0.00%)
2025-06-03 14:02:43,927 - INFO - - Column 'Topic' has 147691 duplicate values (93.59%)
2025-06-03 14:02:43,930 - INFO - - Column 'Position' has 157471 duplicate values (99.79%)
2025-06-03 14:02:43,940 - INFO - - Column 'Qualification' has 146024 duplicate values (92.54%)
2025-06-03 14:02:43,943 - INFO - - Column 'predicted_label' has 157797 duplicate values (100.00%)
2025-06-03 14:02:44,053 - INFO - Text quality for column 'Segmented_Qualification':
2025-06-03 14:02:44,053 - INFO - - Empty strings: 0 (0.00%)
2025-06-03 14:02:44,053 - INFO - - Very short texts (<10 chars): 0 (0.00%)
2025-06-03 14:02:44,053 - INFO - - Length statistics: min=10.0, max=4519.0, avg=148.07
2025-06-03 14:02:44,071 - INFO - Quality report saved to /home/whilebell/Code/Project/TechStack-NER/data/interim/data_quality_report.json
2025-06-03 14:08:44,812 - INFO - JobDataProcessor initialized with config: {'input_file': 'classified/classified_jobs.csv', 'output_file': 'segmented-data/scraping-segmented-data.csv', 'quality_report_file': 'data_quality_report.json', 'separate_concatenated_words': False, 'sample_fraction': 1, 'random_seed': 42, 'min_sentence_length': 10, 'max_tokens_per_sentence': 100, 'parallelize': True, 'batch_size': 1000, 'save_intermediate': True, 'keep_original_columns': False, 'similarity_threshold': 1.0, 'use_wordninja': True}
2025-06-03 14:08:44,812 - INFO - Loading data from /home/whilebell/Code/Project/TechStack-NER/data/raw/classified/classified_jobs.csv
2025-06-03 14:08:45,633 - INFO - Loaded data with shape: (40305, 7)
2025-06-03 14:08:45,656 - INFO - Removed 24977 duplicate qualifications
2025-06-03 14:08:45,656 - INFO - Filtering non-Thai content...
2025-06-03 14:08:46,154 - INFO - Removed 3364 rows with Thai content
2025-06-03 14:08:46,155 - INFO - Cleaning qualification text...
2025-06-03 14:08:47,675 - INFO - Saved cleaned data to /home/whilebell/Code/Project/TechStack-NER/data/interim/cleaned_data.csv
2025-06-03 14:08:47,676 - INFO - Segmenting qualification text into sentences...
2025-06-03 14:14:34,246 - INFO - Exploding sentences to individual rows...
2025-06-03 14:14:34,497 - INFO - Removed 1472 invalid or too short sentences
2025-06-03 14:14:34,549 - INFO - Removed 64736 duplicate segmented qualifications
2025-06-03 14:14:34,550 - INFO - Removing similar sentences...
2025-06-03 14:14:34,550 - INFO - Finding and removing similar sentences in parallel with 15 processes...
2025-06-03 14:14:34,846 - INFO - Finding and removing similar sentences with threshold 1.0...
2025-06-03 14:14:34,888 - INFO - Finding and removing similar sentences with threshold 1.0...
2025-06-03 14:14:34,939 - INFO - Finding and removing similar sentences with threshold 1.0...
2025-06-03 14:14:35,018 - INFO - Finding and removing similar sentences with threshold 1.0...
2025-06-03 14:14:35,084 - INFO - Finding and removing similar sentences with threshold 1.0...
2025-06-03 14:14:35,212 - INFO - Finding and removing similar sentences with threshold 1.0...
2025-06-03 14:14:35,291 - INFO - Finding and removing similar sentences with threshold 1.0...
2025-06-03 14:14:35,408 - INFO - Finding and removing similar sentences with threshold 1.0...
2025-06-03 14:14:35,539 - INFO - Finding and removing similar sentences with threshold 1.0...
2025-06-03 14:14:35,752 - INFO - Finding and removing similar sentences with threshold 1.0...
2025-06-03 14:14:35,851 - INFO - Finding and removing similar sentences with threshold 1.0...
2025-06-03 14:14:35,940 - INFO - Finding and removing similar sentences with threshold 1.0...
2025-06-03 14:14:36,094 - INFO - Finding and removing similar sentences with threshold 1.0...
2025-06-03 14:14:36,204 - INFO - Finding and removing similar sentences with threshold 1.0...
2025-06-03 14:14:36,384 - INFO - Finding and removing similar sentences with threshold 1.0...
2025-06-03 14:14:38,688 - INFO - Removed 31 similar sentences (0.29%)
2025-06-03 14:14:38,689 - INFO - Found 10503 clusters of similar sentences
2025-06-03 14:14:38,790 - INFO - Finding and removing similar sentences with threshold 1.0...
2025-06-03 14:14:38,794 - INFO - Removed 6 similar sentences (0.06%)
2025-06-03 14:14:38,795 - INFO - Found 10528 clusters of similar sentences
2025-06-03 14:14:38,809 - INFO - Removed 0 similar sentences (0.00%)
2025-06-03 14:14:38,810 - INFO - Found 3 clusters of similar sentences
2025-06-03 14:14:38,892 - INFO - Removed 6 similar sentences (0.06%)
2025-06-03 14:14:38,892 - INFO - Found 10528 clusters of similar sentences
2025-06-03 14:14:38,999 - INFO - Removed 15 similar sentences (0.14%)
2025-06-03 14:14:39,000 - INFO - Found 10519 clusters of similar sentences
2025-06-03 14:14:39,182 - INFO - Removed 2 similar sentences (0.02%)
2025-06-03 14:14:39,183 - INFO - Found 10532 clusters of similar sentences
2025-06-03 14:14:39,212 - INFO - Removed 12 similar sentences (0.11%)
2025-06-03 14:14:39,213 - INFO - Found 10522 clusters of similar sentences
2025-06-03 14:14:39,221 - INFO - Removed 4 similar sentences (0.04%)
2025-06-03 14:14:39,221 - INFO - Found 10529 clusters of similar sentences
2025-06-03 14:14:39,377 - INFO - Removed 14 similar sentences (0.13%)
2025-06-03 14:14:39,377 - INFO - Found 10520 clusters of similar sentences
2025-06-03 14:14:39,478 - INFO - Removed 8 similar sentences (0.08%)
2025-06-03 14:14:39,479 - INFO - Found 10526 clusters of similar sentences
2025-06-03 14:14:39,620 - INFO - Removed 1 similar sentences (0.01%)
2025-06-03 14:14:39,621 - INFO - Found 10533 clusters of similar sentences
2025-06-03 14:14:39,651 - INFO - Removed 32 similar sentences (0.30%)
2025-06-03 14:14:39,651 - INFO - Found 10502 clusters of similar sentences
2025-06-03 14:14:39,696 - INFO - Removed 2 similar sentences (0.02%)
2025-06-03 14:14:39,697 - INFO - Found 10532 clusters of similar sentences
2025-06-03 14:14:39,740 - INFO - Removed 13 similar sentences (0.12%)
2025-06-03 14:14:39,740 - INFO - Found 10521 clusters of similar sentences
2025-06-03 14:14:39,752 - INFO - Removed 7 similar sentences (0.07%)
2025-06-03 14:14:39,752 - INFO - Found 10527 clusters of similar sentences
2025-06-03 14:14:39,884 - INFO - Removed 14 similar sentences (0.13%)
2025-06-03 14:14:39,884 - INFO - Found 10520 clusters of similar sentences
2025-06-03 14:14:39,986 - INFO - Performing final pass to catch cross-boundary similarities...
2025-06-03 14:14:39,986 - INFO - Finding and removing similar sentences with threshold 1.0...
2025-06-03 14:14:58,811 - INFO - Removed 47 similar sentences (0.03%)
2025-06-03 14:14:58,811 - INFO - Found 157798 clusters of similar sentences
2025-06-03 14:14:58,818 - INFO - Removed 214 similar sentences (0.14%)
2025-06-03 14:14:58,840 - INFO - Running data quality checks...
2025-06-03 14:14:58,840 - INFO - Data Shape: 157799 rows, 9 columns
2025-06-03 14:14:58,862 - INFO - Total missing values: 0
2025-06-03 14:14:59,398 - INFO - Duplicated rows: 0 (0.00%)
2025-06-03 14:14:59,402 - INFO - - Column 'Topic' has 147691 duplicate values (93.59%)
2025-06-03 14:14:59,405 - INFO - - Column 'Position' has 157471 duplicate values (99.79%)
2025-06-03 14:14:59,416 - INFO - - Column 'Qualification' has 146024 duplicate values (92.54%)
2025-06-03 14:14:59,419 - INFO - - Column 'predicted_label' has 157797 duplicate values (100.00%)
2025-06-03 14:14:59,529 - INFO - Text quality for column 'Segmented_Qualification':
2025-06-03 14:14:59,529 - INFO - - Empty strings: 0 (0.00%)
2025-06-03 14:14:59,529 - INFO - - Very short texts (<10 chars): 0 (0.00%)
2025-06-03 14:14:59,529 - INFO - - Length statistics: min=10.0, max=4519.0, avg=148.07
2025-06-03 14:14:59,547 - INFO - Quality report saved to /home/whilebell/Code/Project/TechStack-NER/data/interim/data_quality_report.json
2025-06-03 14:15:00,209 - INFO - Saved processed data to /home/whilebell/Code/Project/TechStack-NER/data/interim/segmented-data/scraping-segmented-data.csv
2025-06-26 11:12:29,345 - ERROR - Error loading spaCy model: [E050] Can't find model 'en_core_web_sm'. It doesn't seem to be a Python package or a valid path to a data directory.
2025-06-26 11:12:29,346 - INFO - Trying to download the model...
2025-06-26 11:12:38,680 - INFO - JobDataProcessor initialized with config: {'input_file': 'summarize_text/kaggle_data.csv', 'output_file': 'preprocessed-data/kaggle_data.csv', 'quality_report_file': 'data_quality_report.json', 'separate_concatenated_words': False, 'sample_fraction': 1, 'random_seed': 42, 'min_sentence_length': 10, 'max_tokens_per_sentence': 100, 'parallelize': True, 'batch_size': 1000, 'save_intermediate': True, 'keep_original_columns': False, 'similarity_threshold': 0.95, 'segment_sentences': False, 'use_wordninja': False}
2025-06-26 11:12:38,680 - INFO - Loading data from /home/whilebell/Code/techstack-ner/data/raw/summarize_text/kaggle_data.csv
2025-06-26 11:12:38,696 - INFO - Loaded data with shape: (2277, 2)
2025-06-26 11:13:16,625 - INFO - JobDataProcessor initialized with config: {'input_file': 'summarize_text/kaggle_data.csv', 'output_file': 'preprocessed-data/kaggle_data.csv', 'quality_report_file': 'data_quality_report.json', 'separate_concatenated_words': False, 'sample_fraction': 1, 'random_seed': 42, 'min_sentence_length': 10, 'max_tokens_per_sentence': 100, 'parallelize': True, 'batch_size': 1000, 'save_intermediate': True, 'keep_original_columns': False, 'similarity_threshold': 0.95, 'segment_sentences': False, 'use_wordninja': False}
2025-06-26 11:13:16,625 - INFO - Loading data from /home/whilebell/Code/techstack-ner/data/raw/summarize_text/kaggle_data.csv
2025-06-26 11:13:16,639 - INFO - Loaded data with shape: (2277, 2)
2025-06-26 11:13:16,646 - INFO - Removed 0 duplicate qualifications
2025-06-26 11:13:16,646 - INFO - Filtering non-Thai content...
2025-06-26 11:13:16,905 - INFO - Removed 0 rows with Thai content
2025-06-26 11:13:16,905 - INFO - Cleaning qualification text...
2025-06-26 11:13:17,188 - INFO - Saved cleaned data to /home/whilebell/Code/techstack-ner/data/interim/cleaned_data.csv
2025-06-26 11:13:17,189 - INFO - Skipping sentence segmentation as per configuration.
2025-06-26 11:13:17,193 - INFO - Removed 0 duplicate segmented qualifications
2025-06-26 11:13:17,193 - INFO - Removing similar sentences...
2025-06-26 11:13:17,193 - INFO - Finding and removing similar sentences in parallel with 15 processes...
2025-06-26 11:13:17,391 - INFO - Finding and removing similar sentences with threshold 0.95...
2025-06-26 11:13:17,394 - INFO - Finding and removing similar sentences with threshold 0.95...
2025-06-26 11:13:17,394 - INFO - Finding and removing similar sentences with threshold 0.95...
2025-06-26 11:13:17,460 - INFO - Removed 0 similar sentences (0.00%)
2025-06-26 11:13:17,460 - INFO - Found 277 clusters of similar sentences
2025-06-26 11:13:17,650 - INFO - Removed 0 similar sentences (0.00%)
2025-06-26 11:13:17,650 - INFO - Found 1000 clusters of similar sentences
2025-06-26 11:13:17,650 - INFO - Removed 0 similar sentences (0.00%)
2025-06-26 11:13:17,650 - INFO - Found 1000 clusters of similar sentences
2025-06-26 11:13:17,680 - INFO - Performing final pass to catch cross-boundary similarities...
2025-06-26 11:13:17,680 - INFO - Finding and removing similar sentences with threshold 0.95...
2025-06-26 11:13:18,104 - INFO - Removed 0 similar sentences (0.00%)
2025-06-26 11:13:18,104 - INFO - Found 2277 clusters of similar sentences
2025-06-26 11:13:18,104 - INFO - Removed 0 similar sentences (0.00%)
2025-06-26 11:13:18,105 - INFO - Running data quality checks...
2025-06-26 11:13:18,105 - INFO - Data Shape: 2277 rows, 3 columns
2025-06-26 11:13:18,106 - INFO - Total missing values: 0
2025-06-26 11:13:18,112 - INFO - Duplicated rows: 0 (0.00%)
2025-06-26 11:13:18,113 - INFO - - Column 'Topic' has 2262 duplicate values (99.34%)
2025-06-26 11:13:18,118 - INFO - Text quality for column 'Segmented_Qualification':
2025-06-26 11:13:18,118 - INFO - - Empty strings: 0 (0.00%)
2025-06-26 11:13:18,118 - INFO - - Very short texts (<10 chars): 0 (0.00%)
2025-06-26 11:13:18,118 - INFO - - Length statistics: min=51.0, max=1788.0, avg=656.19
2025-06-26 11:13:18,119 - INFO - Quality report saved to /home/whilebell/Code/techstack-ner/data/interim/data_quality_report.json
2025-06-26 11:15:01,466 - INFO - JobDataProcessor initialized with config: {'input_file': 'summarize_text/kaggle_data.csv', 'output_file': 'preprocessed-data/kaggle_data.csv', 'quality_report_file': 'data_quality_report.json', 'separate_concatenated_words': False, 'sample_fraction': 1, 'random_seed': 42, 'min_sentence_length': 10, 'max_tokens_per_sentence': 100, 'parallelize': True, 'batch_size': 1000, 'save_intermediate': True, 'keep_original_columns': False, 'similarity_threshold': 0.95, 'segment_sentences': False, 'use_wordninja': False}
2025-06-26 11:15:01,466 - INFO - Loading data from /home/whilebell/Code/techstack-ner/data/raw/summarize_text/kaggle_data.csv
2025-06-26 11:15:01,482 - INFO - Loaded data with shape: (2277, 2)
2025-06-26 11:15:01,483 - INFO - Removed 0 duplicate qualifications
2025-06-26 11:15:01,484 - INFO - Filtering non-Thai content...
2025-06-26 11:15:01,756 - INFO - Removed 0 rows with Thai content
2025-06-26 11:15:01,756 - INFO - Cleaning qualification text...
2025-06-26 11:15:02,056 - INFO - Saved cleaned data to /home/whilebell/Code/techstack-ner/data/interim/cleaned_data.csv
2025-06-26 11:15:02,058 - INFO - Skipping sentence segmentation as per configuration.
2025-06-26 11:15:02,061 - INFO - Removed 0 duplicate segmented qualifications
2025-06-26 11:15:02,061 - INFO - Removing similar sentences...
2025-06-26 11:15:02,061 - INFO - Finding and removing similar sentences in parallel with 15 processes...
2025-06-26 11:15:02,248 - INFO - Finding and removing similar sentences with threshold 0.95...
2025-06-26 11:15:02,251 - INFO - Finding and removing similar sentences with threshold 0.95...
2025-06-26 11:15:02,252 - INFO - Finding and removing similar sentences with threshold 0.95...
2025-06-26 11:15:02,300 - INFO - Removed 0 similar sentences (0.00%)
2025-06-26 11:15:02,301 - INFO - Found 277 clusters of similar sentences
2025-06-26 11:15:02,459 - INFO - Removed 0 similar sentences (0.00%)
2025-06-26 11:15:02,460 - INFO - Found 1000 clusters of similar sentences
2025-06-26 11:15:02,460 - INFO - Removed 0 similar sentences (0.00%)
2025-06-26 11:15:02,460 - INFO - Found 1000 clusters of similar sentences
2025-06-26 11:15:02,501 - INFO - Performing final pass to catch cross-boundary similarities...
2025-06-26 11:15:02,501 - INFO - Finding and removing similar sentences with threshold 0.95...
2025-06-26 11:15:02,911 - INFO - Removed 0 similar sentences (0.00%)
2025-06-26 11:15:02,912 - INFO - Found 2277 clusters of similar sentences
2025-06-26 11:15:02,912 - INFO - Removed 0 similar sentences (0.00%)
2025-06-26 11:15:02,912 - INFO - Running data quality checks...
2025-06-26 11:15:02,915 - INFO - Data Shape: 2277 rows, 3 columns
2025-06-26 11:15:02,915 - INFO - Total missing values: 0
2025-06-26 11:15:02,918 - INFO - Duplicated rows: 0 (0.00%)
2025-06-26 11:15:02,918 - INFO - - Column 'Topic' has 2262 duplicate values (99.34%)
2025-06-26 11:15:02,921 - INFO - Text quality for column 'Segmented_Qualification':
2025-06-26 11:15:02,921 - INFO - - Empty strings: 0 (0.00%)
2025-06-26 11:15:02,921 - INFO - - Very short texts (<10 chars): 0 (0.00%)
2025-06-26 11:15:02,921 - INFO - - Length statistics: min=51.0, max=1788.0, avg=656.19
2025-06-26 11:15:02,922 - INFO - Quality report saved to /home/whilebell/Code/techstack-ner/data/interim/data_quality_report.json
2025-06-26 11:15:02,941 - INFO - Saved processed data to /home/whilebell/Code/techstack-ner/data/interim/preprocessed-data/kaggle_data.csv
