2025-05-01 07:10:20,951 - INFO - JobDataProcessor initialized with config: {'input_file': 'merged.csv', 'output_file': 'segmented_data.csv', 'quality_report_file': 'data_quality_report.json', 'sample_fraction': 1, 'random_seed': 42, 'min_sentence_length': 10, 'max_tokens_per_sentence': 100, 'parallelize': True, 'batch_size': 1000, 'save_intermediate': True, 'keep_original_columns': False, 'similarity_threshold': 0.85}
2025-05-01 07:10:20,952 - INFO - Loading data from /home/whilebell/Code/Project/TechStack-NER/data/raw/merged.csv
2025-05-01 07:10:22,329 - INFO - Loaded data with shape: (40305, 3)
2025-05-01 07:10:22,370 - INFO - Removed 24977 duplicate qualifications
2025-05-01 07:10:22,372 - INFO - Filtering non-Thai content...
2025-05-01 07:10:23,123 - INFO - Removed 3364 rows with Thai content
2025-05-01 07:10:23,124 - INFO - Cleaning qualification text...
2025-05-01 07:10:24,941 - INFO - Saved cleaned data to /home/whilebell/Code/Project/TechStack-NER/data/interim/cleaned_data.csv
2025-05-01 07:10:24,944 - INFO - Segmenting qualification text into sentences...
2025-05-01 07:16:34,840 - INFO - Exploding sentences to individual rows...
2025-05-01 07:16:35,057 - INFO - Removed 1472 invalid or too short sentences
2025-05-01 07:16:35,058 - INFO - Combining Topic with Segmented_Qualification...
2025-05-01 07:16:35,914 - INFO - Removed 10608 duplicate segmented qualifications
2025-05-01 07:16:35,915 - INFO - Removing similar sentences...
2025-05-01 07:16:35,916 - INFO - Finding and removing similar sentences in parallel with 15 processes...
2025-05-01 07:16:36,285 - INFO - Finding and removing similar sentences with threshold 0.85...
2025-05-01 07:16:36,334 - INFO - Finding and removing similar sentences with threshold 0.85...
2025-05-01 07:16:36,383 - INFO - Finding and removing similar sentences with threshold 0.85...
2025-05-01 07:16:36,436 - INFO - Finding and removing similar sentences with threshold 0.85...
2025-05-01 07:16:36,489 - INFO - Finding and removing similar sentences with threshold 0.85...
2025-05-01 07:16:36,556 - INFO - Finding and removing similar sentences with threshold 0.85...
2025-05-01 07:16:36,616 - INFO - Finding and removing similar sentences with threshold 0.85...
2025-05-01 07:16:36,669 - INFO - Finding and removing similar sentences with threshold 0.85...
2025-05-01 07:16:36,735 - INFO - Finding and removing similar sentences with threshold 0.85...
2025-05-01 07:16:36,807 - INFO - Finding and removing similar sentences with threshold 0.85...
2025-05-01 07:16:36,893 - INFO - Finding and removing similar sentences with threshold 0.85...
2025-05-01 07:16:37,229 - INFO - Finding and removing similar sentences with threshold 0.85...
2025-05-01 07:16:37,271 - INFO - Finding and removing similar sentences with threshold 0.85...
2025-05-01 07:16:37,309 - INFO - Finding and removing similar sentences with threshold 0.85...
2025-05-01 07:16:37,332 - INFO - Finding and removing similar sentences with threshold 0.85...
2025-05-01 07:16:41,160 - INFO - Removed 335 similar sentences (2.37%)
2025-05-01 07:16:41,163 - INFO - Found 13807 clusters of similar sentences
2025-05-01 07:16:41,265 - INFO - Finding and removing similar sentences with threshold 0.85...
2025-05-01 07:16:41,293 - INFO - Removed 0 similar sentences (0.00%)
2025-05-01 07:16:41,301 - INFO - Found 11 clusters of similar sentences
2025-05-01 07:16:41,491 - INFO - Removed 1134 similar sentences (8.02%)
2025-05-01 07:16:41,493 - INFO - Found 13008 clusters of similar sentences
2025-05-01 07:16:41,532 - INFO - Removed 1685 similar sentences (11.91%)
2025-05-01 07:16:41,535 - INFO - Found 12457 clusters of similar sentences
2025-05-01 07:16:41,594 - INFO - Removed 3500 similar sentences (24.75%)
2025-05-01 07:16:41,598 - INFO - Found 10642 clusters of similar sentences
2025-05-01 07:16:41,624 - INFO - Removed 1729 similar sentences (12.23%)
2025-05-01 07:16:41,626 - INFO - Found 12413 clusters of similar sentences
2025-05-01 07:16:41,632 - INFO - Removed 1491 similar sentences (10.54%)
2025-05-01 07:16:41,636 - INFO - Found 12650 clusters of similar sentences
2025-05-01 07:16:41,659 - INFO - Removed 1082 similar sentences (7.65%)
2025-05-01 07:16:41,663 - INFO - Found 13060 clusters of similar sentences
2025-05-01 07:16:41,733 - INFO - Removed 2604 similar sentences (18.41%)
2025-05-01 07:16:41,736 - INFO - Found 11538 clusters of similar sentences
2025-05-01 07:16:41,906 - INFO - Removed 1714 similar sentences (12.12%)
2025-05-01 07:16:41,908 - INFO - Found 12428 clusters of similar sentences
2025-05-01 07:16:42,020 - INFO - Removed 2293 similar sentences (16.21%)
2025-05-01 07:16:42,023 - INFO - Found 11849 clusters of similar sentences
2025-05-01 07:16:42,025 - INFO - Removed 3162 similar sentences (22.36%)
2025-05-01 07:16:42,027 - INFO - Found 10980 clusters of similar sentences
2025-05-01 07:16:42,034 - INFO - Removed 308 similar sentences (2.18%)
2025-05-01 07:16:42,036 - INFO - Found 13834 clusters of similar sentences
2025-05-01 07:16:42,068 - INFO - Removed 349 similar sentences (2.47%)
2025-05-01 07:16:42,070 - INFO - Found 13793 clusters of similar sentences
2025-05-01 07:16:42,143 - INFO - Removed 1814 similar sentences (12.83%)
2025-05-01 07:16:42,144 - INFO - Found 12328 clusters of similar sentences
2025-05-01 07:16:42,152 - INFO - Removed 1952 similar sentences (13.80%)
2025-05-01 07:16:42,153 - INFO - Found 12190 clusters of similar sentences
2025-05-01 07:16:42,302 - INFO - Performing final pass to catch cross-boundary similarities...
2025-05-01 07:16:42,303 - INFO - Finding and removing similar sentences with threshold 0.85...
2025-05-01 07:17:02,376 - INFO - Removed 3412 similar sentences (1.82%)
2025-05-01 07:17:02,377 - INFO - Found 183576 clusters of similar sentences
2025-05-01 07:17:02,385 - INFO - Removed 28564 similar sentences (13.46%)
2025-05-01 07:17:02,409 - INFO - Running data quality checks...
2025-05-01 07:17:02,411 - INFO - Data Shape: 183577 rows, 5 columns
2025-05-01 07:17:02,434 - INFO - Total missing values: 0
2025-05-01 07:17:03,092 - INFO - Duplicated rows: 0 (0.00%)
2025-05-01 07:17:03,097 - INFO - - Column 'Topic' has 173502 duplicate values (94.51%)
2025-05-01 07:17:03,101 - INFO - - Column 'Position' has 183249 duplicate values (99.82%)
2025-05-01 07:17:03,114 - INFO - - Column 'Qualification' has 171869 duplicate values (93.62%)
2025-05-01 07:17:03,246 - INFO - Text quality for column 'Segmented_Qualification':
2025-05-01 07:17:03,247 - INFO - - Empty strings: 0 (0.00%)
2025-05-01 07:17:03,247 - INFO - - Very short texts (<10 chars): 0 (0.00%)
2025-05-01 07:17:03,248 - INFO - - Length statistics: min=21.0, max=4552.0, avg=180.93
2025-05-01 07:17:03,268 - INFO - Quality report saved to /home/whilebell/Code/Project/TechStack-NER/data/interim/data_quality_report.json
2025-05-01 07:17:03,787 - INFO - Saved processed data to /home/whilebell/Code/Project/TechStack-NER/data/interim/segmented_data.csv
